<?xml version="1.0" encoding="UTF-8"?>
<testsuite xmlns:xsi="http://www.w3.org/2001/XMLSchema-instance" xsi:noNamespaceSchemaLocation="https://maven.apache.org/surefire/maven-surefire-plugin/xsd/surefire-test-report-3.0.xsd" version="3.0" name="com.example.texttospeech.TextToSpeechApplicationTests" time="10.969" tests="1" errors="0" skipped="0" failures="0">
  <properties>
[...]
</properties>
  <testcase name="contextLoads" classname="com.example.texttospeech.TextToSpeechApplicationTests" time="0.797">
    <system-out><![CDATA[Standard Commons Logging discovery in action with spring-jcl: please remove commons-logging.jar from classpath in order to avoid potential conflicts
14:15:28.268 [main] INFO org.springframework.test.context.support.AnnotationConfigContextLoaderUtils -- Could not detect default configuration classes for test class [com.example.texttospeech.TextToSpeechApplicationTests]: TextToSpeechApplicationTests does not declare any static, non-private, non-final, nested classes annotated with @Configuration.
14:15:28.448 [main] INFO org.springframework.boot.test.context.SpringBootTestContextBootstrapper -- Found @SpringBootConfiguration com.example.texttospeech.TextToSpeechApplication for test class com.example.texttospeech.TextToSpeechApplicationTests

  .   ____          _            __ _ _
 /\\ / ___'_ __ _ _(_)_ __  __ _ \ \ \ \
( ( )\___ | '_ | '_| | '_ \/ _` | \ \ \ \
 \\/  ___)| |_)| | | | | || (_| |  ) ) ) )
  '  |____| .__|_| |_|_| |_\__, | / / / /
 =========|_|==============|___/=/_/_/_/
 :: Spring Boot ::                (v3.1.4)

2023-10-23T14:15:29.167-04:00  INFO 34848 --- [           main] c.e.t.TextToSpeechApplicationTests       : Starting TextToSpeechApplicationTests using Java 17.0.8 with PID 34848 (started by jagad in C:\Users\jagad\OneDrive\Desktop\text-to-speech\text-to-speech)
2023-10-23T14:15:29.169-04:00  INFO 34848 --- [           main] c.e.t.TextToSpeechApplicationTests       : No active profile set, falling back to 1 default profile: "default"
2023-10-23T14:15:30.138-04:00  INFO 34848 --- [           main] .s.d.r.c.RepositoryConfigurationDelegate : Bootstrapping Spring Data JPA repositories in DEFAULT mode.
2023-10-23T14:15:30.176-04:00  INFO 34848 --- [           main] .s.d.r.c.RepositoryConfigurationDelegate : Finished Spring Data repository scanning in 24 ms. Found 0 JPA repository interfaces.
2023-10-23T14:15:31.022-04:00  INFO 34848 --- [           main] com.zaxxer.hikari.HikariDataSource       : HikariPool-1 - Starting...
2023-10-23T14:15:31.362-04:00  INFO 34848 --- [           main] com.zaxxer.hikari.pool.HikariPool        : HikariPool-1 - Added connection conn0: url=jdbc:h2:mem:ab939d3e-2c7c-477c-be0d-8075c5665cbb user=SA
2023-10-23T14:15:31.364-04:00  INFO 34848 --- [           main] com.zaxxer.hikari.HikariDataSource       : HikariPool-1 - Start completed.
2023-10-23T14:15:31.467-04:00  INFO 34848 --- [           main] o.hibernate.jpa.internal.util.LogHelper  : HHH000204: Processing PersistenceUnitInfo [name: default]
2023-10-23T14:15:31.606-04:00  INFO 34848 --- [           main] org.hibernate.Version                    : HHH000412: Hibernate ORM core version 6.2.9.Final
2023-10-23T14:15:31.611-04:00  INFO 34848 --- [           main] org.hibernate.cfg.Environment            : HHH000406: Using bytecode reflection optimizer
2023-10-23T14:15:31.848-04:00  INFO 34848 --- [           main] o.h.b.i.BytecodeProviderInitiator        : HHH000021: Bytecode provider name : bytebuddy
2023-10-23T14:15:32.121-04:00  INFO 34848 --- [           main] o.s.o.j.p.SpringPersistenceUnitInfo      : No LoadTimeWeaver setup: ignoring JPA class transformer
2023-10-23T14:15:32.480-04:00  INFO 34848 --- [           main] o.h.b.i.BytecodeProviderInitiator        : HHH000021: Bytecode provider name : bytebuddy
2023-10-23T14:15:32.822-04:00  INFO 34848 --- [           main] o.h.e.t.j.p.i.JtaPlatformInitiator       : HHH000490: Using JtaPlatform implementation: [org.hibernate.engine.transaction.jta.platform.internal.NoJtaPlatform]
2023-10-23T14:15:32.828-04:00  INFO 34848 --- [           main] j.LocalContainerEntityManagerFactoryBean : Initialized JPA EntityManagerFactory for persistence unit 'default'
2023-10-23T14:15:37.357-04:00  WARN 34848 --- [           main] JpaBaseConfiguration$JpaWebConfiguration : spring.jpa.open-in-view is enabled by default. Therefore, database queries may be performed during view rendering. Explicitly configure spring.jpa.open-in-view to disable this warning
2023-10-23T14:15:38.125-04:00  INFO 34848 --- [           main] c.e.t.TextToSpeechApplicationTests       : Started TextToSpeechApplicationTests in 9.352 seconds (process running for 10.943)
]]></system-out>
  </testcase>
</testsuite>